31-Oct-24 11:49:28 - INFO - ++++++++++++++++++++++++++++++++++++++++++++++++++++++++++++++++++++++
31-Oct-24 11:49:28 - INFO - START OF UNSET LOG FOR 2024-10-31 11:49:28.342283
31-Oct-24 11:49:28 - INFO - ++++++++++++++++++++++++++++++++++++++++++++++++++++++++++++++++++++++
31-Oct-24 11:49:30 - INFO - Response: {'controlNumber': '84294308', 'requestedControlNumber': '84294308', 'institutionCode': '9969', 'institutionSymbol': 'MIQ', 'firstTimeUse': False, 'success': True, 'message': 'Unset Holdings Succeeded.', 'action': 'Unset Holdings'}
31-Oct-24 11:49:31 - INFO - Response: {'controlNumber': '24860666', 'requestedControlNumber': '24860666', 'institutionCode': '9969', 'institutionSymbol': 'MIQ', 'firstTimeUse': False, 'success': True, 'message': 'Unset Holdings Succeeded.', 'action': 'Unset Holdings'}
31-Oct-24 11:49:32 - INFO - Response: {'controlNumber': '30126230', 'requestedControlNumber': '30126230', 'institutionCode': '9969', 'institutionSymbol': 'MIQ', 'firstTimeUse': False, 'success': True, 'message': 'Unset Holdings Succeeded.', 'action': 'Unset Holdings'}
31-Oct-24 11:49:33 - INFO - Response: {'controlNumber': '24486213', 'requestedControlNumber': '24486213', 'institutionCode': '9969', 'institutionSymbol': 'MIQ', 'firstTimeUse': False, 'success': True, 'message': 'Unset Holdings Succeeded.', 'action': 'Unset Holdings'}
31-Oct-24 11:49:34 - INFO - Response: {'controlNumber': '1132896646', 'requestedControlNumber': '1132896646', 'institutionCode': '9969', 'institutionSymbol': 'MIQ', 'firstTimeUse': False, 'success': True, 'message': 'Unset Holdings Succeeded.', 'action': 'Unset Holdings'}
31-Oct-24 11:49:35 - INFO - Response: {'controlNumber': '80555572', 'requestedControlNumber': '80555572', 'institutionCode': '9969', 'institutionSymbol': 'MIQ', 'firstTimeUse': False, 'success': True, 'message': 'Unset Holdings Succeeded.', 'action': 'Unset Holdings'}
31-Oct-24 11:49:37 - INFO - Response: {'controlNumber': '30530252', 'requestedControlNumber': '30530252', 'institutionCode': '9969', 'institutionSymbol': 'MIQ', 'firstTimeUse': False, 'success': True, 'message': 'Unset Holdings Succeeded.', 'action': 'Unset Holdings'}
31-Oct-24 11:49:38 - INFO - Response: {'controlNumber': '81974013', 'requestedControlNumber': '81974013', 'institutionCode': '9969', 'institutionSymbol': 'MIQ', 'firstTimeUse': False, 'success': True, 'message': 'Unset Holdings Succeeded.', 'action': 'Unset Holdings'}
31-Oct-24 11:49:39 - INFO - Response: {'controlNumber': '79029850', 'requestedControlNumber': '79029850', 'institutionCode': '9969', 'institutionSymbol': 'MIQ', 'firstTimeUse': False, 'success': True, 'message': 'Unset Holdings Succeeded.', 'action': 'Unset Holdings'}
31-Oct-24 11:49:40 - INFO - Response: {'controlNumber': '80333782', 'requestedControlNumber': '80333782', 'institutionCode': '9969', 'institutionSymbol': 'MIQ', 'firstTimeUse': False, 'success': True, 'message': 'Unset Holdings Succeeded.', 'action': 'Unset Holdings'}
31-Oct-24 11:49:41 - INFO - Response: {'controlNumber': '1132894755', 'requestedControlNumber': '1132894755', 'institutionCode': '9969', 'institutionSymbol': 'MIQ', 'firstTimeUse': False, 'success': True, 'message': 'Unset Holdings Succeeded.', 'action': 'Unset Holdings'}
31-Oct-24 11:49:43 - INFO - Response: {'controlNumber': '77735880', 'requestedControlNumber': '77735880', 'institutionCode': '9969', 'institutionSymbol': 'MIQ', 'firstTimeUse': False, 'success': True, 'message': 'Unset Holdings Succeeded.', 'action': 'Unset Holdings'}
31-Oct-24 11:49:44 - INFO - Response: {'controlNumber': '26994613', 'requestedControlNumber': '26994613', 'institutionCode': '9969', 'institutionSymbol': 'MIQ', 'firstTimeUse': False, 'success': True, 'message': 'Unset Holdings Succeeded.', 'action': 'Unset Holdings'}
31-Oct-24 11:49:45 - INFO - Response: {'controlNumber': '29643478', 'requestedControlNumber': '29643478', 'institutionCode': '9969', 'institutionSymbol': 'MIQ', 'firstTimeUse': False, 'success': True, 'message': 'Unset Holdings Succeeded.', 'action': 'Unset Holdings'}
31-Oct-24 11:49:46 - INFO - Response: {'controlNumber': '32153979', 'requestedControlNumber': '1132892918', 'institutionCode': '9969', 'institutionSymbol': 'MIQ', 'firstTimeUse': False, 'success': True, 'message': 'Unset Holdings Succeeded.', 'action': 'Unset Holdings'}
31-Oct-24 11:49:47 - INFO - Response: {'controlNumber': '30766568', 'requestedControlNumber': '30766568', 'institutionCode': '9969', 'institutionSymbol': 'MIQ', 'firstTimeUse': False, 'success': True, 'message': 'Unset Holdings Succeeded.', 'action': 'Unset Holdings'}
31-Oct-24 11:49:48 - INFO - Response: {'controlNumber': '12714219', 'requestedControlNumber': '12714219', 'institutionCode': '9969', 'institutionSymbol': 'MIQ', 'firstTimeUse': False, 'success': True, 'message': 'Unset Holdings Succeeded.', 'action': 'Unset Holdings'}
31-Oct-24 11:49:50 - INFO - Response: {'controlNumber': '31471848', 'requestedControlNumber': '31471848', 'institutionCode': '9969', 'institutionSymbol': 'MIQ', 'firstTimeUse': False, 'success': True, 'message': 'Unset Holdings Succeeded.', 'action': 'Unset Holdings'}
31-Oct-24 11:49:51 - INFO - Response: {'controlNumber': '837452890', 'requestedControlNumber': '837452890', 'institutionCode': '9969', 'institutionSymbol': 'MIQ', 'firstTimeUse': False, 'success': True, 'message': 'Unset Holdings Succeeded.', 'action': 'Unset Holdings'}
31-Oct-24 11:49:52 - INFO - Response: {'controlNumber': '34495320', 'requestedControlNumber': '34495320', 'institutionCode': '9969', 'institutionSymbol': 'MIQ', 'firstTimeUse': False, 'success': True, 'message': 'Unset Holdings Succeeded.', 'action': 'Unset Holdings'}
31-Oct-24 11:49:53 - INFO - Response: {'controlNumber': '78062508', 'requestedControlNumber': '78062508', 'institutionCode': '9969', 'institutionSymbol': 'MIQ', 'firstTimeUse': False, 'success': True, 'message': 'Unset Holdings Succeeded.', 'action': 'Unset Holdings'}
31-Oct-24 11:49:54 - INFO - Response: {'controlNumber': '988456056', 'requestedControlNumber': '988456056', 'institutionCode': '9969', 'institutionSymbol': 'MIQ', 'firstTimeUse': False, 'success': True, 'message': 'Unset Holdings Succeeded.', 'action': 'Unset Holdings'}
31-Oct-24 11:49:56 - INFO - Response: {'controlNumber': '33989192', 'requestedControlNumber': '33989192', 'institutionCode': '9969', 'institutionSymbol': 'MIQ', 'firstTimeUse': False, 'success': True, 'message': 'Unset Holdings Succeeded.', 'action': 'Unset Holdings'}
31-Oct-24 11:49:57 - INFO - Response: {'controlNumber': '35868263', 'requestedControlNumber': '35868263', 'institutionCode': '9969', 'institutionSymbol': 'MIQ', 'firstTimeUse': False, 'success': True, 'message': 'Unset Holdings Succeeded.', 'action': 'Unset Holdings'}
31-Oct-24 11:49:58 - INFO - Response: {'controlNumber': '36883206', 'requestedControlNumber': '36883206', 'institutionCode': '9969', 'institutionSymbol': 'MIQ', 'firstTimeUse': False, 'success': True, 'message': 'Unset Holdings Succeeded.', 'action': 'Unset Holdings'}
31-Oct-24 11:49:59 - INFO - Response: {'controlNumber': '850035230', 'requestedControlNumber': '850035230', 'institutionCode': '9969', 'institutionSymbol': 'MIQ', 'firstTimeUse': False, 'success': True, 'message': 'Unset Holdings Succeeded.', 'action': 'Unset Holdings'}
31-Oct-24 11:50:01 - INFO - Response: {'controlNumber': '1132919495', 'requestedControlNumber': '1132919495', 'institutionCode': '9969', 'institutionSymbol': 'MIQ', 'firstTimeUse': False, 'success': True, 'message': 'Unset Holdings Succeeded.', 'action': 'Unset Holdings'}
31-Oct-24 11:50:01 - INFO - Response: {'controlNumber': '31418066', 'requestedControlNumber': '31418066', 'institutionCode': '9969', 'institutionSymbol': 'MIQ', 'firstTimeUse': False, 'success': True, 'message': 'Unset Holdings Succeeded.', 'action': 'Unset Holdings'}
31-Oct-24 11:50:03 - INFO - Response: {'controlNumber': '1132918200', 'requestedControlNumber': '1132918200', 'institutionCode': '9969', 'institutionSymbol': 'MIQ', 'firstTimeUse': False, 'success': True, 'message': 'Unset Holdings Succeeded.', 'action': 'Unset Holdings'}
31-Oct-24 11:50:04 - INFO - Response: {'controlNumber': '1132893515', 'requestedControlNumber': '1132893515', 'institutionCode': '9969', 'institutionSymbol': 'MIQ', 'firstTimeUse': False, 'success': True, 'message': 'Unset Holdings Succeeded.', 'action': 'Unset Holdings'}
31-Oct-24 11:50:05 - INFO - Response: {'controlNumber': '317307816', 'requestedControlNumber': '317307816', 'institutionCode': '9969', 'institutionSymbol': 'MIQ', 'firstTimeUse': False, 'success': True, 'message': 'Unset Holdings Succeeded.', 'action': 'Unset Holdings'}
31-Oct-24 11:50:06 - INFO - Response: {'controlNumber': '42483375', 'requestedControlNumber': '42483375', 'institutionCode': '9969', 'institutionSymbol': 'MIQ', 'firstTimeUse': False, 'success': True, 'message': 'Unset Holdings Succeeded.', 'action': 'Unset Holdings'}
31-Oct-24 11:50:07 - INFO - Response: {'controlNumber': '2554382', 'requestedControlNumber': '2554382', 'institutionCode': '9969', 'institutionSymbol': 'MIQ', 'firstTimeUse': False, 'success': True, 'message': 'Unset Holdings Succeeded.', 'action': 'Unset Holdings'}
31-Oct-24 11:50:08 - INFO - Response: {'controlNumber': '42368571', 'requestedControlNumber': '42368571', 'institutionCode': '9969', 'institutionSymbol': 'MIQ', 'firstTimeUse': False, 'success': True, 'message': 'Unset Holdings Succeeded.', 'action': 'Unset Holdings'}
31-Oct-24 11:50:09 - INFO - Response: {'controlNumber': '31417687', 'requestedControlNumber': '31417687', 'institutionCode': '9969', 'institutionSymbol': 'MIQ', 'firstTimeUse': False, 'success': True, 'message': 'Unset Holdings Succeeded.', 'action': 'Unset Holdings'}
31-Oct-24 11:50:10 - INFO - Response: {'controlNumber': '40001740', 'requestedControlNumber': '40001740', 'institutionCode': '9969', 'institutionSymbol': 'MIQ', 'firstTimeUse': False, 'success': True, 'message': 'Unset Holdings Succeeded.', 'action': 'Unset Holdings'}
31-Oct-24 11:50:12 - INFO - Response: {'controlNumber': '39340508', 'requestedControlNumber': '39340508', 'institutionCode': '9969', 'institutionSymbol': 'MIQ', 'firstTimeUse': False, 'success': True, 'message': 'Unset Holdings Succeeded.', 'action': 'Unset Holdings'}
31-Oct-24 11:50:13 - INFO - Response: {'controlNumber': '1132898538', 'requestedControlNumber': '1132898538', 'institutionCode': '9969', 'institutionSymbol': 'MIQ', 'firstTimeUse': False, 'success': True, 'message': 'Unset Holdings Succeeded.', 'action': 'Unset Holdings'}
31-Oct-24 11:50:14 - INFO - Response: {'controlNumber': '6550815', 'requestedControlNumber': '6550815', 'institutionCode': '9969', 'institutionSymbol': 'MIQ', 'firstTimeUse': False, 'success': True, 'message': 'Unset Holdings Succeeded.', 'action': 'Unset Holdings'}
31-Oct-24 11:50:15 - INFO - Response: {'controlNumber': '32536320', 'requestedControlNumber': '32536320', 'institutionCode': '9969', 'institutionSymbol': 'MIQ', 'firstTimeUse': False, 'success': True, 'message': 'Unset Holdings Succeeded.', 'action': 'Unset Holdings'}
31-Oct-24 11:50:16 - INFO - Response: {'controlNumber': '82813909', 'requestedControlNumber': '82813909', 'institutionCode': '9969', 'institutionSymbol': 'MIQ', 'firstTimeUse': False, 'success': True, 'message': 'Unset Holdings Succeeded.', 'action': 'Unset Holdings'}
31-Oct-24 11:50:18 - INFO - Response: {'controlNumber': '18821778', 'requestedControlNumber': '1132892195', 'institutionCode': '9969', 'institutionSymbol': 'MIQ', 'firstTimeUse': False, 'success': True, 'message': 'Unset Holdings Succeeded.', 'action': 'Unset Holdings'}
31-Oct-24 11:50:18 - INFO - Response: {'controlNumber': '78463365', 'requestedControlNumber': '78463365', 'institutionCode': '9969', 'institutionSymbol': 'MIQ', 'firstTimeUse': False, 'success': True, 'message': 'Unset Holdings Succeeded.', 'action': 'Unset Holdings'}
31-Oct-24 11:50:19 - INFO - Response: {'controlNumber': '84062749', 'requestedControlNumber': '84062749', 'institutionCode': '9969', 'institutionSymbol': 'MIQ', 'firstTimeUse': False, 'success': True, 'message': 'Unset Holdings Succeeded.', 'action': 'Unset Holdings'}
31-Oct-24 11:50:20 - INFO - Response: {'controlNumber': '1132894408', 'requestedControlNumber': '1132894408', 'institutionCode': '9969', 'institutionSymbol': 'MIQ', 'firstTimeUse': False, 'success': True, 'message': 'Unset Holdings Succeeded.', 'action': 'Unset Holdings'}
31-Oct-24 11:50:21 - INFO - Response: {'controlNumber': '2244100', 'requestedControlNumber': '2244100', 'institutionCode': '9969', 'institutionSymbol': 'MIQ', 'firstTimeUse': False, 'success': True, 'message': 'Unset Holdings Succeeded.', 'action': 'Unset Holdings'}
31-Oct-24 11:50:23 - INFO - Response: {'controlNumber': '1132897983', 'requestedControlNumber': '1132897983', 'institutionCode': '9969', 'institutionSymbol': 'MIQ', 'firstTimeUse': False, 'success': True, 'message': 'Unset Holdings Succeeded.', 'action': 'Unset Holdings'}
31-Oct-24 11:50:24 - INFO - Response: {'controlNumber': '36102968', 'requestedControlNumber': '36102968', 'institutionCode': '9969', 'institutionSymbol': 'MIQ', 'firstTimeUse': False, 'success': True, 'message': 'Unset Holdings Succeeded.', 'action': 'Unset Holdings'}
31-Oct-24 11:50:25 - INFO - Response: {'controlNumber': '27083636', 'requestedControlNumber': '27083636', 'institutionCode': '9969', 'institutionSymbol': 'MIQ', 'firstTimeUse': False, 'success': True, 'message': 'Unset Holdings Succeeded.', 'action': 'Unset Holdings'}
31-Oct-24 11:50:26 - INFO - Response: {'controlNumber': '1132896716', 'requestedControlNumber': '1132896716', 'institutionCode': '9969', 'institutionSymbol': 'MIQ', 'firstTimeUse': False, 'success': True, 'message': 'Unset Holdings Succeeded.', 'action': 'Unset Holdings'}
31-Oct-24 11:50:27 - INFO - Response: {'controlNumber': '225693286', 'requestedControlNumber': '225693286', 'institutionCode': '9969', 'institutionSymbol': 'MIQ', 'firstTimeUse': False, 'success': True, 'message': 'Unset Holdings Succeeded.', 'action': 'Unset Holdings'}
31-Oct-24 11:50:28 - INFO - Response: {'controlNumber': '37347772', 'requestedControlNumber': '37347772', 'institutionCode': '9969', 'institutionSymbol': 'MIQ', 'firstTimeUse': False, 'success': True, 'message': 'Unset Holdings Succeeded.', 'action': 'Unset Holdings'}
31-Oct-24 11:50:29 - INFO - Response: {'controlNumber': '1069353962', 'requestedControlNumber': '1069353962', 'institutionCode': '9969', 'institutionSymbol': 'MIQ', 'firstTimeUse': False, 'success': True, 'message': 'Unset Holdings Succeeded.', 'action': 'Unset Holdings'}
31-Oct-24 11:50:30 - INFO - Response: {'controlNumber': '32865537', 'requestedControlNumber': '32865537', 'institutionCode': '9969', 'institutionSymbol': 'MIQ', 'firstTimeUse': False, 'success': True, 'message': 'Unset Holdings Succeeded.', 'action': 'Unset Holdings'}
31-Oct-24 11:50:31 - INFO - Response: {'controlNumber': '35850592', 'requestedControlNumber': '35850592', 'institutionCode': '9969', 'institutionSymbol': 'MIQ', 'firstTimeUse': False, 'success': True, 'message': 'Unset Holdings Succeeded.', 'action': 'Unset Holdings'}
31-Oct-24 11:50:33 - INFO - Response: {'controlNumber': '36579624', 'requestedControlNumber': '36579624', 'institutionCode': '9969', 'institutionSymbol': 'MIQ', 'firstTimeUse': False, 'success': True, 'message': 'Unset Holdings Succeeded.', 'action': 'Unset Holdings'}
31-Oct-24 11:50:34 - INFO - Response: {'controlNumber': '26744691', 'requestedControlNumber': '26744691', 'institutionCode': '9969', 'institutionSymbol': 'MIQ', 'firstTimeUse': False, 'success': True, 'message': 'Unset Holdings Succeeded.', 'action': 'Unset Holdings'}
31-Oct-24 11:50:35 - INFO - Response: {'controlNumber': '9019344', 'requestedControlNumber': '1132903730', 'institutionCode': '9969', 'institutionSymbol': 'MIQ', 'firstTimeUse': False, 'success': True, 'message': 'Unset Holdings Succeeded.', 'action': 'Unset Holdings'}
31-Oct-24 11:50:36 - INFO - Response: {'controlNumber': '38003982', 'requestedControlNumber': '38003982', 'institutionCode': '9969', 'institutionSymbol': 'MIQ', 'firstTimeUse': False, 'success': True, 'message': 'Unset Holdings Succeeded.', 'action': 'Unset Holdings'}
31-Oct-24 11:50:37 - INFO - Response: {'controlNumber': '1052963118', 'requestedControlNumber': '1052963118', 'institutionCode': '9969', 'institutionSymbol': 'MIQ', 'firstTimeUse': False, 'success': True, 'message': 'Unset Holdings Succeeded.', 'action': 'Unset Holdings'}
31-Oct-24 11:50:38 - INFO - Response: {'controlNumber': '24864481', 'requestedControlNumber': '24864481', 'institutionCode': '9969', 'institutionSymbol': 'MIQ', 'firstTimeUse': False, 'success': True, 'message': 'Unset Holdings Succeeded.', 'action': 'Unset Holdings'}
31-Oct-24 11:50:40 - INFO - Response: {'controlNumber': '144599643', 'requestedControlNumber': '144599643', 'institutionCode': '9969', 'institutionSymbol': 'MIQ', 'firstTimeUse': False, 'success': True, 'message': 'Unset Holdings Succeeded.', 'action': 'Unset Holdings'}
31-Oct-24 11:50:41 - INFO - Response: {'controlNumber': '30986569', 'requestedControlNumber': '30986569', 'institutionCode': '9969', 'institutionSymbol': 'MIQ', 'firstTimeUse': False, 'success': True, 'message': 'Unset Holdings Succeeded.', 'action': 'Unset Holdings'}
31-Oct-24 11:50:42 - INFO - Response: {'controlNumber': '49330094', 'requestedControlNumber': '49330094', 'institutionCode': '9969', 'institutionSymbol': 'MIQ', 'firstTimeUse': False, 'success': True, 'message': 'Unset Holdings Succeeded.', 'action': 'Unset Holdings'}
31-Oct-24 11:50:43 - INFO - Response: {'controlNumber': '37948890', 'requestedControlNumber': '37948890', 'institutionCode': '9969', 'institutionSymbol': 'MIQ', 'firstTimeUse': False, 'success': True, 'message': 'Unset Holdings Succeeded.', 'action': 'Unset Holdings'}
31-Oct-24 11:50:44 - INFO - Response: {'controlNumber': '38131934', 'requestedControlNumber': '38131934', 'institutionCode': '9969', 'institutionSymbol': 'MIQ', 'firstTimeUse': False, 'success': True, 'message': 'Unset Holdings Succeeded.', 'action': 'Unset Holdings'}
31-Oct-24 11:50:45 - INFO - Response: {'controlNumber': '26383069', 'requestedControlNumber': '26383069', 'institutionCode': '9969', 'institutionSymbol': 'MIQ', 'firstTimeUse': False, 'success': True, 'message': 'Unset Holdings Succeeded.', 'action': 'Unset Holdings'}
31-Oct-24 11:50:46 - INFO - Response: {'controlNumber': '39537773', 'requestedControlNumber': '39537773', 'institutionCode': '9969', 'institutionSymbol': 'MIQ', 'firstTimeUse': False, 'success': True, 'message': 'Unset Holdings Succeeded.', 'action': 'Unset Holdings'}
31-Oct-24 11:50:47 - INFO - Response: {'controlNumber': '42801282', 'requestedControlNumber': '42801282', 'institutionCode': '9969', 'institutionSymbol': 'MIQ', 'firstTimeUse': False, 'success': True, 'message': 'Unset Holdings Succeeded.', 'action': 'Unset Holdings'}
31-Oct-24 11:50:48 - INFO - Response: {'controlNumber': '42493743', 'requestedControlNumber': '42493743', 'institutionCode': '9969', 'institutionSymbol': 'MIQ', 'firstTimeUse': False, 'success': True, 'message': 'Unset Holdings Succeeded.', 'action': 'Unset Holdings'}
31-Oct-24 11:50:49 - INFO - Response: {'controlNumber': '966918461', 'requestedControlNumber': '966918461', 'institutionCode': '9969', 'institutionSymbol': 'MIQ', 'firstTimeUse': False, 'success': True, 'message': 'Unset Holdings Succeeded.', 'action': 'Unset Holdings'}
31-Oct-24 11:50:50 - INFO - Response: {'controlNumber': '43444349', 'requestedControlNumber': '43444349', 'institutionCode': '9969', 'institutionSymbol': 'MIQ', 'firstTimeUse': False, 'success': True, 'message': 'Unset Holdings Succeeded.', 'action': 'Unset Holdings'}
31-Oct-24 11:50:51 - INFO - Response: {'controlNumber': '34585638', 'requestedControlNumber': '34585638', 'institutionCode': '9969', 'institutionSymbol': 'MIQ', 'firstTimeUse': False, 'success': True, 'message': 'Unset Holdings Succeeded.', 'action': 'Unset Holdings'}
31-Oct-24 11:50:52 - INFO - Response: {'controlNumber': '29790154', 'requestedControlNumber': '1132903815', 'institutionCode': '9969', 'institutionSymbol': 'MIQ', 'firstTimeUse': False, 'success': True, 'message': 'Unset Holdings Succeeded.', 'action': 'Unset Holdings'}
31-Oct-24 11:50:53 - INFO - Response: {'controlNumber': '17504544', 'requestedControlNumber': '17504544', 'institutionCode': '9969', 'institutionSymbol': 'MIQ', 'firstTimeUse': False, 'success': True, 'message': 'Unset Holdings Succeeded.', 'action': 'Unset Holdings'}
31-Oct-24 11:50:54 - INFO - Response: {'controlNumber': '1552415', 'requestedControlNumber': '1552415', 'institutionCode': '9969', 'institutionSymbol': 'MIQ', 'firstTimeUse': False, 'success': True, 'message': 'Unset Holdings Succeeded.', 'action': 'Unset Holdings'}
31-Oct-24 11:50:55 - INFO - Response: {'controlNumber': '174125241', 'requestedControlNumber': '174125241', 'institutionCode': '9969', 'institutionSymbol': 'MIQ', 'firstTimeUse': False, 'success': True, 'message': 'Unset Holdings Succeeded.', 'action': 'Unset Holdings'}
31-Oct-24 11:50:56 - INFO - Response: {'controlNumber': '174125240', 'requestedControlNumber': '174125240', 'institutionCode': '9969', 'institutionSymbol': 'MIQ', 'firstTimeUse': False, 'success': True, 'message': 'Unset Holdings Succeeded.', 'action': 'Unset Holdings'}
31-Oct-24 11:50:57 - INFO - Response: {'controlNumber': '650674419', 'requestedControlNumber': '650674419', 'institutionCode': '9969', 'institutionSymbol': 'MIQ', 'firstTimeUse': False, 'success': True, 'message': 'Unset Holdings Succeeded.', 'action': 'Unset Holdings'}
31-Oct-24 11:50:58 - INFO - Response: {'controlNumber': '174125239', 'requestedControlNumber': '174125239', 'institutionCode': '9969', 'institutionSymbol': 'MIQ', 'firstTimeUse': False, 'success': True, 'message': 'Unset Holdings Succeeded.', 'action': 'Unset Holdings'}
31-Oct-24 11:50:59 - INFO - Response: {'controlNumber': '174125238', 'requestedControlNumber': '174125238', 'institutionCode': '9969', 'institutionSymbol': 'MIQ', 'firstTimeUse': False, 'success': True, 'message': 'Unset Holdings Succeeded.', 'action': 'Unset Holdings'}
31-Oct-24 11:51:00 - INFO - Response: {'controlNumber': '174125237', 'requestedControlNumber': '174125237', 'institutionCode': '9969', 'institutionSymbol': 'MIQ', 'firstTimeUse': False, 'success': True, 'message': 'Unset Holdings Succeeded.', 'action': 'Unset Holdings'}
31-Oct-24 11:51:01 - INFO - Response: {'controlNumber': '650587226', 'requestedControlNumber': '650587226', 'institutionCode': '9969', 'institutionSymbol': 'MIQ', 'firstTimeUse': False, 'success': True, 'message': 'Unset Holdings Succeeded.', 'action': 'Unset Holdings'}
31-Oct-24 11:51:02 - INFO - Response: {'controlNumber': '174150854', 'requestedControlNumber': '174150854', 'institutionCode': '9969', 'institutionSymbol': 'MIQ', 'firstTimeUse': False, 'success': True, 'message': 'Unset Holdings Succeeded.', 'action': 'Unset Holdings'}
31-Oct-24 11:51:03 - INFO - Response: {'controlNumber': '793509045', 'requestedControlNumber': '793509045', 'institutionCode': '9969', 'institutionSymbol': 'MIQ', 'firstTimeUse': False, 'success': True, 'message': 'Unset Holdings Succeeded.', 'action': 'Unset Holdings'}
31-Oct-24 11:51:04 - INFO - Response: {'controlNumber': '27354140', 'requestedControlNumber': '27354140', 'institutionCode': '9969', 'institutionSymbol': 'MIQ', 'firstTimeUse': False, 'success': True, 'message': 'Unset Holdings Succeeded.', 'action': 'Unset Holdings'}
31-Oct-24 11:51:05 - INFO - Response: {'controlNumber': '44153784', 'requestedControlNumber': '44153784', 'institutionCode': '9969', 'institutionSymbol': 'MIQ', 'firstTimeUse': False, 'success': True, 'message': 'Unset Holdings Succeeded.', 'action': 'Unset Holdings'}
31-Oct-24 11:51:06 - INFO - Response: {'controlNumber': '49783455', 'requestedControlNumber': '49783455', 'institutionCode': '9969', 'institutionSymbol': 'MIQ', 'firstTimeUse': False, 'success': True, 'message': 'Unset Holdings Succeeded.', 'action': 'Unset Holdings'}
31-Oct-24 11:51:07 - INFO - Response: {'controlNumber': '42751540', 'requestedControlNumber': '42751540', 'institutionCode': '9969', 'institutionSymbol': 'MIQ', 'firstTimeUse': False, 'success': True, 'message': 'Unset Holdings Succeeded.', 'action': 'Unset Holdings'}
31-Oct-24 11:51:08 - INFO - Response: {'controlNumber': '50620877', 'requestedControlNumber': '50620877', 'institutionCode': '9969', 'institutionSymbol': 'MIQ', 'firstTimeUse': False, 'success': True, 'message': 'Unset Holdings Succeeded.', 'action': 'Unset Holdings'}
31-Oct-24 11:51:09 - INFO - Response: {'controlNumber': '50744881', 'requestedControlNumber': '50744881', 'institutionCode': '9969', 'institutionSymbol': 'MIQ', 'firstTimeUse': False, 'success': True, 'message': 'Unset Holdings Succeeded.', 'action': 'Unset Holdings'}
31-Oct-24 11:51:11 - INFO - Response: {'controlNumber': '46729756', 'requestedControlNumber': '46729756', 'institutionCode': '9969', 'institutionSymbol': 'MIQ', 'firstTimeUse': False, 'success': True, 'message': 'Unset Holdings Succeeded.', 'action': 'Unset Holdings'}
31-Oct-24 11:51:12 - INFO - Response: {'controlNumber': '82196200', 'requestedControlNumber': '82196200', 'institutionCode': '9969', 'institutionSymbol': 'MIQ', 'firstTimeUse': False, 'success': True, 'message': 'Unset Holdings Succeeded.', 'action': 'Unset Holdings'}
31-Oct-24 11:51:13 - INFO - Response: {'controlNumber': '53293476', 'requestedControlNumber': '53293476', 'institutionCode': '9969', 'institutionSymbol': 'MIQ', 'firstTimeUse': False, 'success': True, 'message': 'Unset Holdings Succeeded.', 'action': 'Unset Holdings'}
31-Oct-24 11:51:14 - INFO - Response: {'controlNumber': '53293478', 'requestedControlNumber': '53293478', 'institutionCode': '9969', 'institutionSymbol': 'MIQ', 'firstTimeUse': False, 'success': True, 'message': 'Unset Holdings Succeeded.', 'action': 'Unset Holdings'}
31-Oct-24 11:51:15 - INFO - Response: {'controlNumber': '28173912', 'requestedControlNumber': '28173912', 'institutionCode': '9969', 'institutionSymbol': 'MIQ', 'firstTimeUse': False, 'success': True, 'message': 'Unset Holdings Succeeded.', 'action': 'Unset Holdings'}
31-Oct-24 11:51:16 - INFO - Response: {'controlNumber': '49215742', 'requestedControlNumber': '49215742', 'institutionCode': '9969', 'institutionSymbol': 'MIQ', 'firstTimeUse': False, 'success': True, 'message': 'Unset Holdings Succeeded.', 'action': 'Unset Holdings'}
31-Oct-24 11:51:18 - INFO - Response: {'controlNumber': '38107956', 'requestedControlNumber': '38107956', 'institutionCode': '9969', 'institutionSymbol': 'MIQ', 'firstTimeUse': False, 'success': True, 'message': 'Unset Holdings Succeeded.', 'action': 'Unset Holdings'}
31-Oct-24 11:51:19 - INFO - Response: {'controlNumber': '70603693', 'requestedControlNumber': '70603693', 'institutionCode': '9969', 'institutionSymbol': 'MIQ', 'firstTimeUse': False, 'success': True, 'message': 'Unset Holdings Succeeded.', 'action': 'Unset Holdings'}
31-Oct-24 11:51:20 - INFO - Response: {'controlNumber': '38209747', 'requestedControlNumber': '38209747', 'institutionCode': '9969', 'institutionSymbol': 'MIQ', 'firstTimeUse': False, 'success': True, 'message': 'Unset Holdings Succeeded.', 'action': 'Unset Holdings'}
21-May-25 13:10:12 - INFO - ++++++++++++++++++++++++++++++++++++++++++++++++++++++++++++++++++++++
21-May-25 13:10:12 - INFO - START OF UNSET LOG FOR 2025-05-21 13:10:12.173978
21-May-25 13:10:12 - INFO - ++++++++++++++++++++++++++++++++++++++++++++++++++++++++++++++++++++++
21-May-25 13:10:14 - INFO - Response: {'controlNumber': '1527472', 'requestedControlNumber': '1527472', 'institutionCode': '9969', 'institutionSymbol': 'MIQ', 'firstTimeUse': False, 'success': True, 'message': 'Unset Holdings Succeeded.', 'action': 'Unset Holdings'}
21-May-25 13:10:15 - INFO - Response: {'controlNumber': '239572', 'requestedControlNumber': '239572', 'institutionCode': '9969', 'institutionSymbol': 'MIQ', 'firstTimeUse': False, 'success': True, 'message': 'Unset Holdings Succeeded.', 'action': 'Unset Holdings'}
21-May-25 13:10:16 - INFO - Response: {'controlNumber': '28063894', 'requestedControlNumber': '28063894', 'institutionCode': '9969', 'institutionSymbol': 'MIQ', 'firstTimeUse': False, 'success': True, 'message': 'Unset Holdings Succeeded.', 'action': 'Unset Holdings'}
21-May-25 13:10:17 - INFO - Response: {'controlNumber': '32208951', 'requestedControlNumber': '32208951', 'institutionCode': '9969', 'institutionSymbol': 'MIQ', 'firstTimeUse': False, 'success': True, 'message': 'Unset Holdings Succeeded.', 'action': 'Unset Holdings'}
21-May-25 13:10:19 - INFO - Response: {'controlNumber': '16527547', 'requestedControlNumber': '16527547', 'institutionCode': '9969', 'institutionSymbol': 'MIQ', 'firstTimeUse': False, 'success': True, 'message': 'Unset Holdings Succeeded.', 'action': 'Unset Holdings'}
21-May-25 13:10:20 - INFO - Response: {'controlNumber': '3284888', 'requestedControlNumber': '3284888', 'institutionCode': '9969', 'institutionSymbol': 'MIQ', 'firstTimeUse': False, 'success': True, 'message': 'Unset Holdings Succeeded.', 'action': 'Unset Holdings'}
21-May-25 13:10:21 - INFO - Response: {'controlNumber': '1132893842', 'requestedControlNumber': '1132893842', 'institutionCode': '9969', 'institutionSymbol': 'MIQ', 'firstTimeUse': False, 'success': True, 'message': 'Unset Holdings Succeeded.', 'action': 'Unset Holdings'}
21-May-25 13:10:23 - INFO - Response: {'controlNumber': '353791', 'requestedControlNumber': '353791', 'institutionCode': '9969', 'institutionSymbol': 'MIQ', 'firstTimeUse': False, 'success': True, 'message': 'Unset Holdings Succeeded.', 'action': 'Unset Holdings'}
21-May-25 13:10:24 - INFO - Response: {'controlNumber': '20346234', 'requestedControlNumber': '20346234', 'institutionCode': '9969', 'institutionSymbol': 'MIQ', 'firstTimeUse': False, 'success': True, 'message': 'Unset Holdings Succeeded.', 'action': 'Unset Holdings'}
21-May-25 13:10:25 - INFO - Response: {'controlNumber': '2534571', 'requestedControlNumber': '2534571', 'institutionCode': '9969', 'institutionSymbol': 'MIQ', 'firstTimeUse': False, 'success': True, 'message': 'Unset Holdings Succeeded.', 'action': 'Unset Holdings'}
21-May-25 13:10:26 - INFO - Response: {'controlNumber': '47170995', 'requestedControlNumber': '47170995', 'institutionCode': '9969', 'institutionSymbol': 'MIQ', 'firstTimeUse': False, 'success': True, 'message': 'Unset Holdings Succeeded.', 'action': 'Unset Holdings'}
21-May-25 13:10:27 - INFO - Response: {'controlNumber': '16503072', 'requestedControlNumber': '16503072', 'institutionCode': '9969', 'institutionSymbol': 'MIQ', 'firstTimeUse': False, 'success': True, 'message': 'Unset Holdings Succeeded.', 'action': 'Unset Holdings'}
21-May-25 13:10:28 - INFO - Response: {'controlNumber': '33116684', 'requestedControlNumber': '33116684', 'institutionCode': '9969', 'institutionSymbol': 'MIQ', 'firstTimeUse': False, 'success': True, 'message': 'Unset Holdings Succeeded.', 'action': 'Unset Holdings'}
21-May-25 13:10:30 - INFO - Response: {'controlNumber': '25631028', 'requestedControlNumber': '25631028', 'institutionCode': '9969', 'institutionSymbol': 'MIQ', 'firstTimeUse': False, 'success': True, 'message': 'Unset Holdings Succeeded.', 'action': 'Unset Holdings'}
21-May-25 13:10:31 - INFO - Response: {'controlNumber': '416655', 'requestedControlNumber': '416655', 'institutionCode': '9969', 'institutionSymbol': 'MIQ', 'firstTimeUse': False, 'success': True, 'message': 'Unset Holdings Succeeded.', 'action': 'Unset Holdings'}
21-May-25 13:10:32 - INFO - Response: {'controlNumber': '19751537', 'requestedControlNumber': '19751537', 'institutionCode': '9969', 'institutionSymbol': 'MIQ', 'firstTimeUse': False, 'success': True, 'message': 'Unset Holdings Succeeded.', 'action': 'Unset Holdings'}
21-May-25 13:10:33 - INFO - Response: {'controlNumber': '37451829', 'requestedControlNumber': '37451829', 'institutionCode': '9969', 'institutionSymbol': 'MIQ', 'firstTimeUse': False, 'success': True, 'message': 'Unset Holdings Succeeded.', 'action': 'Unset Holdings'}
21-May-25 13:10:34 - INFO - Response: {'controlNumber': '27679626', 'requestedControlNumber': '27679626', 'institutionCode': '9969', 'institutionSymbol': 'MIQ', 'firstTimeUse': False, 'success': True, 'message': 'Unset Holdings Succeeded.', 'action': 'Unset Holdings'}
21-May-25 13:10:36 - INFO - Response: {'controlNumber': '1320912', 'requestedControlNumber': '1320912', 'institutionCode': '9969', 'institutionSymbol': 'MIQ', 'firstTimeUse': False, 'success': True, 'message': 'Unset Holdings Succeeded.', 'action': 'Unset Holdings'}
21-May-25 13:10:37 - INFO - Response: {'controlNumber': '970956040', 'requestedControlNumber': '970956040', 'institutionCode': '9969', 'institutionSymbol': 'MIQ', 'firstTimeUse': False, 'success': True, 'message': 'Unset Holdings Succeeded.', 'action': 'Unset Holdings'}
21-May-25 13:10:38 - INFO - Response: {'controlNumber': '44585924', 'requestedControlNumber': '44585924', 'institutionCode': '9969', 'institutionSymbol': 'MIQ', 'firstTimeUse': False, 'success': True, 'message': 'Unset Holdings Succeeded.', 'action': 'Unset Holdings'}
21-May-25 13:10:39 - INFO - Response: {'controlNumber': '10384473', 'requestedControlNumber': '10384473', 'institutionCode': '9969', 'institutionSymbol': 'MIQ', 'firstTimeUse': False, 'success': True, 'message': 'Unset Holdings Succeeded.', 'action': 'Unset Holdings'}
21-May-25 13:10:40 - INFO - Response: {'controlNumber': '55800794', 'requestedControlNumber': '55800794', 'institutionCode': '9969', 'institutionSymbol': 'MIQ', 'firstTimeUse': False, 'success': True, 'message': 'Unset Holdings Succeeded.', 'action': 'Unset Holdings'}
21-May-25 13:10:41 - INFO - Response: {'controlNumber': '72678093', 'requestedControlNumber': '72678093', 'institutionCode': '9969', 'institutionSymbol': 'MIQ', 'firstTimeUse': False, 'success': True, 'message': 'Unset Holdings Succeeded.', 'action': 'Unset Holdings'}
21-May-25 13:10:42 - INFO - Response: {'controlNumber': '273820643', 'requestedControlNumber': '273820643', 'institutionCode': '9969', 'institutionSymbol': 'MIQ', 'firstTimeUse': False, 'success': True, 'message': 'Unset Holdings Succeeded.', 'action': 'Unset Holdings'}
21-May-25 13:10:43 - INFO - Response: {'controlNumber': '190797789', 'requestedControlNumber': '190797789', 'institutionCode': '9969', 'institutionSymbol': 'MIQ', 'firstTimeUse': False, 'success': True, 'message': 'Unset Holdings Succeeded.', 'action': 'Unset Holdings'}
21-May-25 13:10:44 - INFO - Response: {'controlNumber': '57193062', 'requestedControlNumber': '57193062', 'institutionCode': '9969', 'institutionSymbol': 'MIQ', 'firstTimeUse': False, 'success': True, 'message': 'Unset Holdings Succeeded.', 'action': 'Unset Holdings'}
21-May-25 13:10:46 - INFO - Response: {'controlNumber': '10421275', 'requestedControlNumber': '10421275', 'institutionCode': '9969', 'institutionSymbol': 'MIQ', 'firstTimeUse': False, 'success': True, 'message': 'Unset Holdings Succeeded.', 'action': 'Unset Holdings'}
21-May-25 13:10:47 - INFO - Response: {'controlNumber': '879642467', 'requestedControlNumber': '879642467', 'institutionCode': '9969', 'institutionSymbol': 'MIQ', 'firstTimeUse': False, 'success': True, 'message': 'Unset Holdings Succeeded.', 'action': 'Unset Holdings'}
21-May-25 13:10:48 - INFO - Response: {'controlNumber': '48494251', 'requestedControlNumber': '48494251', 'institutionCode': '9969', 'institutionSymbol': 'MIQ', 'firstTimeUse': False, 'success': True, 'message': 'Unset Holdings Succeeded.', 'action': 'Unset Holdings'}
21-May-25 13:10:49 - INFO - Response: {'controlNumber': '858716761', 'requestedControlNumber': '858716761', 'institutionCode': '9969', 'institutionSymbol': 'MIQ', 'firstTimeUse': False, 'success': True, 'message': 'Unset Holdings Succeeded.', 'action': 'Unset Holdings'}
21-May-25 13:10:50 - INFO - Response: {'controlNumber': '783163668', 'requestedControlNumber': '783163668', 'institutionCode': '9969', 'institutionSymbol': 'MIQ', 'firstTimeUse': False, 'success': True, 'message': 'Unset Holdings Succeeded.', 'action': 'Unset Holdings'}
21-May-25 13:10:52 - INFO - Response: {'controlNumber': '890177815', 'requestedControlNumber': '890177815', 'institutionCode': '9969', 'institutionSymbol': 'MIQ', 'firstTimeUse': False, 'success': True, 'message': 'Unset Holdings Succeeded.', 'action': 'Unset Holdings'}
21-May-25 13:10:53 - INFO - Response: {'controlNumber': '951950785', 'requestedControlNumber': '951950785', 'institutionCode': '9969', 'institutionSymbol': 'MIQ', 'firstTimeUse': False, 'success': True, 'message': 'Unset Holdings Succeeded.', 'action': 'Unset Holdings'}
21-May-25 13:10:54 - INFO - Response: {'controlNumber': '941443944', 'requestedControlNumber': '941443944', 'institutionCode': '9969', 'institutionSymbol': 'MIQ', 'firstTimeUse': False, 'success': True, 'message': 'Unset Holdings Succeeded.', 'action': 'Unset Holdings'}
21-May-25 13:10:55 - INFO - Response: {'controlNumber': '951158153', 'requestedControlNumber': '951158153', 'institutionCode': '9969', 'institutionSymbol': 'MIQ', 'firstTimeUse': False, 'success': True, 'message': 'Unset Holdings Succeeded.', 'action': 'Unset Holdings'}
21-May-25 13:10:56 - INFO - Response: {'controlNumber': '990183211', 'requestedControlNumber': '990183211', 'institutionCode': '9969', 'institutionSymbol': 'MIQ', 'firstTimeUse': False, 'success': True, 'message': 'Unset Holdings Succeeded.', 'action': 'Unset Holdings'}
21-May-25 13:10:57 - INFO - Response: {'controlNumber': '982381135', 'requestedControlNumber': '982381135', 'institutionCode': '9969', 'institutionSymbol': 'MIQ', 'firstTimeUse': False, 'success': True, 'message': 'Unset Holdings Succeeded.', 'action': 'Unset Holdings'}
21-May-25 13:10:58 - INFO - Response: {'controlNumber': '1005899281', 'requestedControlNumber': '1005899281', 'institutionCode': '9969', 'institutionSymbol': 'MIQ', 'firstTimeUse': False, 'success': True, 'message': 'Unset Holdings Succeeded.', 'action': 'Unset Holdings'}
21-May-25 13:10:59 - INFO - Response: {'controlNumber': '159940772', 'requestedControlNumber': '159940772', 'institutionCode': '9969', 'institutionSymbol': 'MIQ', 'firstTimeUse': False, 'success': True, 'message': 'Unset Holdings Succeeded.', 'action': 'Unset Holdings'}
21-May-25 13:11:00 - INFO - Response: {'controlNumber': '761852122', 'requestedControlNumber': '761852122', 'institutionCode': '9969', 'institutionSymbol': 'MIQ', 'firstTimeUse': False, 'success': True, 'message': 'Unset Holdings Succeeded.', 'action': 'Unset Holdings'}
21-May-25 13:11:01 - INFO - Response: {'controlNumber': '1080425539', 'requestedControlNumber': '1080425539', 'institutionCode': '9969', 'institutionSymbol': 'MIQ', 'firstTimeUse': False, 'success': True, 'message': 'Unset Holdings Succeeded.', 'action': 'Unset Holdings'}
21-May-25 13:11:02 - INFO - Response: {'controlNumber': '1057556414', 'requestedControlNumber': '1057556414', 'institutionCode': '9969', 'institutionSymbol': 'MIQ', 'firstTimeUse': False, 'success': True, 'message': 'Unset Holdings Succeeded.', 'action': 'Unset Holdings'}
21-May-25 13:11:04 - INFO - Response: {'controlNumber': '1012701770', 'requestedControlNumber': '1012701770', 'institutionCode': '9969', 'institutionSymbol': 'MIQ', 'firstTimeUse': False, 'success': True, 'message': 'Unset Holdings Succeeded.', 'action': 'Unset Holdings'}
21-May-25 13:11:05 - INFO - Response: {'controlNumber': '994322878', 'requestedControlNumber': '994322878', 'institutionCode': '9969', 'institutionSymbol': 'MIQ', 'firstTimeUse': False, 'success': True, 'message': 'Unset Holdings Succeeded.', 'action': 'Unset Holdings'}
21-May-25 13:11:06 - INFO - Response: {'controlNumber': '1179046109', 'requestedControlNumber': '1179046109', 'institutionCode': '9969', 'institutionSymbol': 'MIQ', 'firstTimeUse': False, 'success': True, 'message': 'Unset Holdings Succeeded.', 'action': 'Unset Holdings'}
21-May-25 13:11:07 - INFO - Response: {'controlNumber': '1134461296', 'requestedControlNumber': '1085647746', 'institutionCode': '9969', 'institutionSymbol': 'MIQ', 'firstTimeUse': False, 'success': True, 'message': 'Unset Holdings Succeeded.', 'action': 'Unset Holdings'}
21-May-25 13:11:08 - INFO - Response: {'controlNumber': '974484628', 'requestedControlNumber': '974484628', 'institutionCode': '9969', 'institutionSymbol': 'MIQ', 'firstTimeUse': False, 'success': True, 'message': 'Unset Holdings Succeeded.', 'action': 'Unset Holdings'}
21-May-25 13:11:09 - INFO - Response: {'controlNumber': '983824435', 'requestedControlNumber': '983824435', 'institutionCode': '9969', 'institutionSymbol': 'MIQ', 'firstTimeUse': False, 'success': True, 'message': 'Unset Holdings Succeeded.', 'action': 'Unset Holdings'}
21-May-25 13:11:10 - INFO - Response: {'controlNumber': '1028844506', 'requestedControlNumber': '1028844506', 'institutionCode': '9969', 'institutionSymbol': 'MIQ', 'firstTimeUse': False, 'success': True, 'message': 'Unset Holdings Succeeded.', 'action': 'Unset Holdings'}
21-May-25 13:11:11 - INFO - Response: {'controlNumber': '959265683', 'requestedControlNumber': '959265683', 'institutionCode': '9969', 'institutionSymbol': 'MIQ', 'firstTimeUse': False, 'success': True, 'message': 'Unset Holdings Succeeded.', 'action': 'Unset Holdings'}
21-May-25 13:11:12 - INFO - Response: {'controlNumber': '1129404557', 'requestedControlNumber': '1129404557', 'institutionCode': '9969', 'institutionSymbol': 'MIQ', 'firstTimeUse': False, 'success': True, 'message': 'Unset Holdings Succeeded.', 'action': 'Unset Holdings'}
21-May-25 13:11:13 - INFO - Response: {'controlNumber': '1290193853', 'requestedControlNumber': '1290193853', 'institutionCode': '9969', 'institutionSymbol': 'MIQ', 'firstTimeUse': False, 'success': True, 'message': 'Unset Holdings Succeeded.', 'action': 'Unset Holdings'}
21-May-25 13:11:14 - INFO - Response: {'controlNumber': '1005200733', 'requestedControlNumber': '1005200733', 'institutionCode': '9969', 'institutionSymbol': 'MIQ', 'firstTimeUse': False, 'success': True, 'message': 'Unset Holdings Succeeded.', 'action': 'Unset Holdings'}
21-May-25 13:11:15 - INFO - Response: {'controlNumber': '60515207', 'requestedControlNumber': '60515207', 'institutionCode': '9969', 'institutionSymbol': 'MIQ', 'firstTimeUse': False, 'success': True, 'message': 'Unset Holdings Succeeded.', 'action': 'Unset Holdings'}
21-May-25 13:11:16 - INFO - Response: {'controlNumber': '24272917', 'requestedControlNumber': '24272917', 'institutionCode': '9969', 'institutionSymbol': 'MIQ', 'firstTimeUse': False, 'success': True, 'message': 'Unset Holdings Succeeded.', 'action': 'Unset Holdings'}
21-May-25 13:11:17 - INFO - Response: {'controlNumber': '1310471523', 'requestedControlNumber': '1310471523', 'institutionCode': '9969', 'institutionSymbol': 'MIQ', 'firstTimeUse': False, 'success': True, 'message': 'Unset Holdings Succeeded.', 'action': 'Unset Holdings'}
23-Jun-25 15:45:19 - INFO - ++++++++++++++++++++++++++++++++++++++++++++++++++++++++++++++++++++++
23-Jun-25 15:45:19 - INFO - START OF UNSET LOG FOR 2025-06-23 15:45:19.843538
23-Jun-25 15:45:19 - INFO - ++++++++++++++++++++++++++++++++++++++++++++++++++++++++++++++++++++++
23-Jun-25 15:45:21 - INFO - Response: {'controlNumber': '25498794', 'requestedControlNumber': '25498794', 'institutionCode': '9969', 'institutionSymbol': 'MIQ', 'firstTimeUse': False, 'success': True, 'message': 'Unset Holdings Succeeded.', 'action': 'Unset Holdings'}
23-Jun-25 15:45:23 - INFO - Response: {'controlNumber': '410135', 'requestedControlNumber': '410135', 'institutionCode': '9969', 'institutionSymbol': 'MIQ', 'firstTimeUse': False, 'success': True, 'message': 'Unset Holdings Succeeded.', 'action': 'Unset Holdings'}
23-Jun-25 15:45:24 - INFO - Response: {'controlNumber': '4493439', 'requestedControlNumber': '4493439', 'institutionCode': '9969', 'institutionSymbol': 'MIQ', 'firstTimeUse': False, 'success': True, 'message': 'Unset Holdings Succeeded.', 'action': 'Unset Holdings'}
23-Jun-25 15:45:25 - INFO - Response: {'controlNumber': '268911024', 'requestedControlNumber': '268911024', 'institutionCode': '9969', 'institutionSymbol': 'MIQ', 'firstTimeUse': False, 'success': True, 'message': 'Unset Holdings Succeeded.', 'action': 'Unset Holdings'}
23-Jun-25 15:45:26 - INFO - Response: {'controlNumber': '16648654', 'requestedControlNumber': '16648654', 'institutionCode': '9969', 'institutionSymbol': 'MIQ', 'firstTimeUse': False, 'success': True, 'message': 'Unset Holdings Succeeded.', 'action': 'Unset Holdings'}
23-Jun-25 15:45:27 - INFO - Response: {'controlNumber': '4037372', 'requestedControlNumber': '4037372', 'institutionCode': '9969', 'institutionSymbol': 'MIQ', 'firstTimeUse': False, 'success': True, 'message': 'Unset Holdings Succeeded.', 'action': 'Unset Holdings'}
23-Jun-25 15:45:29 - INFO - Response: {'controlNumber': '65647727', 'requestedControlNumber': '65647727', 'institutionCode': '9969', 'institutionSymbol': 'MIQ', 'firstTimeUse': False, 'success': True, 'message': 'Unset Holdings Succeeded.', 'action': 'Unset Holdings'}
23-Jun-25 15:45:30 - INFO - Response: {'controlNumber': '1258404224', 'requestedControlNumber': '1258404224', 'institutionCode': '9969', 'institutionSymbol': 'MIQ', 'firstTimeUse': False, 'success': True, 'message': 'Unset Holdings Succeeded.', 'action': 'Unset Holdings'}
24-Jun-25 11:37:38 - INFO - ++++++++++++++++++++++++++++++++++++++++++++++++++++++++++++++++++++++
24-Jun-25 11:37:38 - INFO - START OF UNSET LOG FOR 2025-06-24 11:37:38.474353
24-Jun-25 11:37:38 - INFO - ++++++++++++++++++++++++++++++++++++++++++++++++++++++++++++++++++++++
24-Jun-25 11:37:40 - INFO - Response: {'controlNumber': '1132894374', 'requestedControlNumber': '1132894374', 'institutionCode': '9969', 'institutionSymbol': 'MIQ', 'firstTimeUse': False, 'success': True, 'message': 'Unset Holdings Succeeded.', 'action': 'Unset Holdings'}
24-Jun-25 11:37:41 - INFO - Response: {'controlNumber': '650674385', 'requestedControlNumber': '650674385', 'institutionCode': '9969', 'institutionSymbol': 'MIQ', 'firstTimeUse': False, 'success': True, 'message': 'Unset Holdings Succeeded.', 'action': 'Unset Holdings'}
24-Jun-25 11:37:42 - INFO - Response: {'controlNumber': '174125233', 'requestedControlNumber': '174125233', 'institutionCode': '9969', 'institutionSymbol': 'MIQ', 'firstTimeUse': False, 'success': True, 'message': 'Unset Holdings Succeeded.', 'action': 'Unset Holdings'}
24-Jun-25 11:37:43 - INFO - Response: {'controlNumber': '1132899960', 'requestedControlNumber': '1132899960', 'institutionCode': '9969', 'institutionSymbol': 'MIQ', 'firstTimeUse': False, 'success': True, 'message': 'Unset Holdings Succeeded.', 'action': 'Unset Holdings'}
24-Jun-25 11:37:44 - INFO - Response: {'controlNumber': '1132906103', 'requestedControlNumber': '1132906103', 'institutionCode': '9969', 'institutionSymbol': 'MIQ', 'firstTimeUse': False, 'success': True, 'message': 'Unset Holdings Succeeded.', 'action': 'Unset Holdings'}
24-Jun-25 11:37:45 - INFO - Response: {'controlNumber': '650674379', 'requestedControlNumber': '650674379', 'institutionCode': '9969', 'institutionSymbol': 'MIQ', 'firstTimeUse': False, 'success': True, 'message': 'Unset Holdings Succeeded.', 'action': 'Unset Holdings'}
24-Jun-25 11:37:46 - INFO - Response: {'controlNumber': '252536706', 'requestedControlNumber': '252536706', 'institutionCode': '9969', 'institutionSymbol': 'MIQ', 'firstTimeUse': False, 'success': True, 'message': 'Unset Holdings Succeeded.', 'action': 'Unset Holdings'}
24-Jun-25 11:37:47 - INFO - Response: {'controlNumber': '1132897907', 'requestedControlNumber': '1132897907', 'institutionCode': '9969', 'institutionSymbol': 'MIQ', 'firstTimeUse': False, 'success': True, 'message': 'Unset Holdings Succeeded.', 'action': 'Unset Holdings'}
24-Jun-25 11:37:48 - INFO - Response: {'controlNumber': '650674388', 'requestedControlNumber': '650674388', 'institutionCode': '9969', 'institutionSymbol': 'MIQ', 'firstTimeUse': False, 'success': True, 'message': 'Unset Holdings Succeeded.', 'action': 'Unset Holdings'}
24-Jun-25 11:37:50 - INFO - Response: {'controlNumber': '37714846', 'requestedControlNumber': '37714846', 'institutionCode': '9969', 'institutionSymbol': 'MIQ', 'firstTimeUse': False, 'success': True, 'message': 'Unset Holdings Succeeded.', 'action': 'Unset Holdings'}
24-Jun-25 11:37:51 - INFO - Response: {'controlNumber': '174125232', 'requestedControlNumber': '174125232', 'institutionCode': '9969', 'institutionSymbol': 'MIQ', 'firstTimeUse': False, 'success': True, 'message': 'Unset Holdings Succeeded.', 'action': 'Unset Holdings'}
24-Jun-25 11:37:52 - INFO - Response: {'controlNumber': '252536319', 'requestedControlNumber': '252536319', 'institutionCode': '9969', 'institutionSymbol': 'MIQ', 'firstTimeUse': False, 'success': True, 'message': 'Unset Holdings Succeeded.', 'action': 'Unset Holdings'}
24-Jun-25 11:37:53 - INFO - Response: {'controlNumber': '45702410', 'requestedControlNumber': '45702410', 'institutionCode': '9969', 'institutionSymbol': 'MIQ', 'firstTimeUse': False, 'success': True, 'message': 'Unset Holdings Succeeded.', 'action': 'Unset Holdings'}
24-Jun-25 11:37:54 - INFO - Response: {'controlNumber': '45706185', 'requestedControlNumber': '45706185', 'institutionCode': '9969', 'institutionSymbol': 'MIQ', 'firstTimeUse': False, 'success': True, 'message': 'Unset Holdings Succeeded.', 'action': 'Unset Holdings'}
24-Jun-25 11:37:55 - INFO - Response: {'controlNumber': '46606033', 'requestedControlNumber': '46606033', 'institutionCode': '9969', 'institutionSymbol': 'MIQ', 'firstTimeUse': False, 'success': True, 'message': 'Unset Holdings Succeeded.', 'action': 'Unset Holdings'}
24-Jun-25 11:37:56 - INFO - Response: {'controlNumber': '45692629', 'requestedControlNumber': '45692629', 'institutionCode': '9969', 'institutionSymbol': 'MIQ', 'firstTimeUse': False, 'success': True, 'message': 'Unset Holdings Succeeded.', 'action': 'Unset Holdings'}
24-Jun-25 11:37:57 - INFO - Response: {'controlNumber': '45692634', 'requestedControlNumber': '45692634', 'institutionCode': '9969', 'institutionSymbol': 'MIQ', 'firstTimeUse': False, 'success': True, 'message': 'Unset Holdings Succeeded.', 'action': 'Unset Holdings'}
24-Jun-25 11:37:58 - INFO - Response: {'controlNumber': '45692636', 'requestedControlNumber': '45692636', 'institutionCode': '9969', 'institutionSymbol': 'MIQ', 'firstTimeUse': False, 'success': True, 'message': 'Unset Holdings Succeeded.', 'action': 'Unset Holdings'}
24-Jun-25 11:37:59 - INFO - Response: {'controlNumber': '45692639', 'requestedControlNumber': '45692639', 'institutionCode': '9969', 'institutionSymbol': 'MIQ', 'firstTimeUse': False, 'success': True, 'message': 'Unset Holdings Succeeded.', 'action': 'Unset Holdings'}
24-Jun-25 11:38:00 - INFO - Response: {'controlNumber': '45692641', 'requestedControlNumber': '45692641', 'institutionCode': '9969', 'institutionSymbol': 'MIQ', 'firstTimeUse': False, 'success': True, 'message': 'Unset Holdings Succeeded.', 'action': 'Unset Holdings'}
24-Jun-25 11:38:01 - INFO - Response: {'controlNumber': '45692664', 'requestedControlNumber': '45692664', 'institutionCode': '9969', 'institutionSymbol': 'MIQ', 'firstTimeUse': False, 'success': True, 'message': 'Unset Holdings Succeeded.', 'action': 'Unset Holdings'}
24-Jun-25 11:38:02 - INFO - Response: {'controlNumber': '45706162', 'requestedControlNumber': '45706162', 'institutionCode': '9969', 'institutionSymbol': 'MIQ', 'firstTimeUse': False, 'success': True, 'message': 'Unset Holdings Succeeded.', 'action': 'Unset Holdings'}
24-Jun-25 11:38:03 - INFO - Response: {'controlNumber': '904334486', 'requestedControlNumber': '904334486', 'institutionCode': '9969', 'institutionSymbol': 'MIQ', 'firstTimeUse': False, 'success': True, 'message': 'Unset Holdings Succeeded.', 'action': 'Unset Holdings'}
24-Jun-25 11:38:04 - INFO - Response: {'controlNumber': '22455942', 'requestedControlNumber': '22455942', 'institutionCode': '9969', 'institutionSymbol': 'MIQ', 'firstTimeUse': False, 'success': True, 'message': 'Unset Holdings Succeeded.', 'action': 'Unset Holdings'}
24-Jun-25 11:38:05 - INFO - Response: {'controlNumber': '49057815', 'requestedControlNumber': '49057815', 'institutionCode': '9969', 'institutionSymbol': 'MIQ', 'firstTimeUse': False, 'success': True, 'message': 'Unset Holdings Succeeded.', 'action': 'Unset Holdings'}
24-Jun-25 11:38:06 - INFO - Response: {'controlNumber': '50665461', 'requestedControlNumber': '1132899567', 'institutionCode': '9969', 'institutionSymbol': 'MIQ', 'firstTimeUse': False, 'success': True, 'message': 'Unset Holdings Succeeded.', 'action': 'Unset Holdings'}
24-Jun-25 11:38:07 - INFO - Response: {'controlNumber': '50665444', 'requestedControlNumber': '50665444', 'institutionCode': '9969', 'institutionSymbol': 'MIQ', 'firstTimeUse': False, 'success': True, 'message': 'Unset Holdings Succeeded.', 'action': 'Unset Holdings'}
24-Jun-25 11:38:08 - INFO - Response: {'controlNumber': '20102501', 'requestedControlNumber': '20102501', 'institutionCode': '9969', 'institutionSymbol': 'MIQ', 'firstTimeUse': False, 'success': True, 'message': 'Unset Holdings Succeeded.', 'action': 'Unset Holdings'}
24-Jun-25 11:38:09 - INFO - Response: {'controlNumber': '49347551', 'requestedControlNumber': '49347551', 'institutionCode': '9969', 'institutionSymbol': 'MIQ', 'firstTimeUse': False, 'success': True, 'message': 'Unset Holdings Succeeded.', 'action': 'Unset Holdings'}
24-Jun-25 11:38:11 - INFO - Response: {'controlNumber': '36427216', 'requestedControlNumber': '36427216', 'institutionCode': '9969', 'institutionSymbol': 'MIQ', 'firstTimeUse': False, 'success': True, 'message': 'Unset Holdings Succeeded.', 'action': 'Unset Holdings'}
24-Jun-25 11:38:11 - INFO - Response: {'controlNumber': '849954993', 'requestedControlNumber': '849954993', 'institutionCode': '9969', 'institutionSymbol': 'MIQ', 'firstTimeUse': False, 'success': True, 'message': 'Unset Holdings Succeeded.', 'action': 'Unset Holdings'}
24-Jun-25 11:38:13 - INFO - Response: {'controlNumber': '1323461731', 'requestedControlNumber': '1132907412', 'institutionCode': '9969', 'institutionSymbol': 'MIQ', 'firstTimeUse': False, 'success': True, 'message': 'Unset Holdings Succeeded.', 'action': 'Unset Holdings'}
24-Jun-25 11:38:14 - INFO - Response: {'controlNumber': '4417735', 'requestedControlNumber': '4417735', 'institutionCode': '9969', 'institutionSymbol': 'MIQ', 'firstTimeUse': False, 'success': True, 'message': 'Unset Holdings Succeeded.', 'action': 'Unset Holdings'}
24-Jun-25 11:38:15 - INFO - Response: {'controlNumber': '979584275', 'requestedControlNumber': '979584275', 'institutionCode': '9969', 'institutionSymbol': 'MIQ', 'firstTimeUse': False, 'success': True, 'message': 'Unset Holdings Succeeded.', 'action': 'Unset Holdings'}
24-Jun-25 11:38:16 - INFO - Response: {'controlNumber': '3728811', 'requestedControlNumber': '3728811', 'institutionCode': '9969', 'institutionSymbol': 'MIQ', 'firstTimeUse': False, 'success': True, 'message': 'Unset Holdings Succeeded.', 'action': 'Unset Holdings'}
24-Jun-25 11:38:17 - INFO - Response: {'controlNumber': '4274452', 'requestedControlNumber': '4274452', 'institutionCode': '9969', 'institutionSymbol': 'MIQ', 'firstTimeUse': False, 'success': True, 'message': 'Unset Holdings Succeeded.', 'action': 'Unset Holdings'}
24-Jun-25 11:38:18 - INFO - Response: {'controlNumber': '4494136', 'requestedControlNumber': '4494136', 'institutionCode': '9969', 'institutionSymbol': 'MIQ', 'firstTimeUse': False, 'success': True, 'message': 'Unset Holdings Succeeded.', 'action': 'Unset Holdings'}
24-Jun-25 11:38:19 - INFO - Response: {'controlNumber': '423314', 'requestedControlNumber': '423314', 'institutionCode': '9969', 'institutionSymbol': 'MIQ', 'firstTimeUse': False, 'success': True, 'message': 'Unset Holdings Succeeded.', 'action': 'Unset Holdings'}
24-Jun-25 11:38:20 - INFO - Response: {'controlNumber': '31140236', 'requestedControlNumber': '31140236', 'institutionCode': '9969', 'institutionSymbol': 'MIQ', 'firstTimeUse': False, 'success': True, 'message': 'Unset Holdings Succeeded.', 'action': 'Unset Holdings'}
24-Jun-25 11:38:21 - INFO - Response: {'controlNumber': '74910067', 'requestedControlNumber': '74910067', 'institutionCode': '9969', 'institutionSymbol': 'MIQ', 'firstTimeUse': False, 'success': True, 'message': 'Unset Holdings Succeeded.', 'action': 'Unset Holdings'}
24-Jun-25 11:38:22 - INFO - Response: {'controlNumber': '37800327', 'requestedControlNumber': '37800327', 'institutionCode': '9969', 'institutionSymbol': 'MIQ', 'firstTimeUse': False, 'success': True, 'message': 'Unset Holdings Succeeded.', 'action': 'Unset Holdings'}
24-Jun-25 11:38:23 - INFO - Response: {'controlNumber': '27723560', 'requestedControlNumber': '1132893770', 'institutionCode': '9969', 'institutionSymbol': 'MIQ', 'firstTimeUse': False, 'success': True, 'message': 'Unset Holdings Succeeded.', 'action': 'Unset Holdings'}
24-Jun-25 11:38:24 - INFO - Response: {'controlNumber': '21078475', 'requestedControlNumber': '21078475', 'institutionCode': '9969', 'institutionSymbol': 'MIQ', 'firstTimeUse': False, 'success': True, 'message': 'Unset Holdings Succeeded.', 'action': 'Unset Holdings'}
24-Jun-25 11:38:25 - INFO - Response: {'controlNumber': '561281', 'requestedControlNumber': '561281', 'institutionCode': '9969', 'institutionSymbol': 'MIQ', 'firstTimeUse': False, 'success': True, 'message': 'Unset Holdings Succeeded.', 'action': 'Unset Holdings'}
24-Jun-25 11:38:26 - INFO - Response: {'controlNumber': '5109', 'requestedControlNumber': '5109', 'institutionCode': '9969', 'institutionSymbol': 'MIQ', 'firstTimeUse': False, 'success': True, 'message': 'Unset Holdings Succeeded.', 'action': 'Unset Holdings'}
24-Jun-25 11:38:27 - INFO - Response: {'controlNumber': '561297', 'requestedControlNumber': '561297', 'institutionCode': '9969', 'institutionSymbol': 'MIQ', 'firstTimeUse': False, 'success': True, 'message': 'Unset Holdings Succeeded.', 'action': 'Unset Holdings'}
24-Jun-25 11:38:28 - INFO - Response: {'controlNumber': '823574', 'requestedControlNumber': '823574', 'institutionCode': '9969', 'institutionSymbol': 'MIQ', 'firstTimeUse': False, 'success': True, 'message': 'Unset Holdings Succeeded.', 'action': 'Unset Holdings'}
24-Jun-25 11:38:29 - INFO - Response: {'controlNumber': '560969', 'requestedControlNumber': '560969', 'institutionCode': '9969', 'institutionSymbol': 'MIQ', 'firstTimeUse': False, 'success': True, 'message': 'Unset Holdings Succeeded.', 'action': 'Unset Holdings'}
24-Jun-25 11:38:30 - INFO - Response: {'controlNumber': '561283', 'requestedControlNumber': '561283', 'institutionCode': '9969', 'institutionSymbol': 'MIQ', 'firstTimeUse': False, 'success': True, 'message': 'Unset Holdings Succeeded.', 'action': 'Unset Holdings'}
24-Jun-25 11:38:31 - INFO - Response: {'controlNumber': '12179', 'requestedControlNumber': '12179', 'institutionCode': '9969', 'institutionSymbol': 'MIQ', 'firstTimeUse': False, 'success': True, 'message': 'Unset Holdings Succeeded.', 'action': 'Unset Holdings'}
24-Jun-25 11:38:32 - INFO - Response: {'controlNumber': '561538', 'requestedControlNumber': '561538', 'institutionCode': '9969', 'institutionSymbol': 'MIQ', 'firstTimeUse': False, 'success': True, 'message': 'Unset Holdings Succeeded.', 'action': 'Unset Holdings'}
24-Jun-25 11:38:33 - INFO - Response: {'controlNumber': '1132892754', 'requestedControlNumber': '1132892754', 'institutionCode': '9969', 'institutionSymbol': 'MIQ', 'firstTimeUse': False, 'success': True, 'message': 'Unset Holdings Succeeded.', 'action': 'Unset Holdings'}
24-Jun-25 11:38:34 - INFO - Response: {'controlNumber': '1132919016', 'requestedControlNumber': '1132919016', 'institutionCode': '9969', 'institutionSymbol': 'MIQ', 'firstTimeUse': False, 'success': True, 'message': 'Unset Holdings Succeeded.', 'action': 'Unset Holdings'}
24-Jun-25 11:38:36 - INFO - Response: {'controlNumber': '1132892985', 'requestedControlNumber': '1132892985', 'institutionCode': '9969', 'institutionSymbol': 'MIQ', 'firstTimeUse': False, 'success': True, 'message': 'Unset Holdings Succeeded.', 'action': 'Unset Holdings'}
24-Jun-25 11:38:37 - INFO - Response: {'controlNumber': '29688259', 'requestedControlNumber': '29688259', 'institutionCode': '9969', 'institutionSymbol': 'MIQ', 'firstTimeUse': False, 'success': True, 'message': 'Unset Holdings Succeeded.', 'action': 'Unset Holdings'}
24-Jun-25 11:38:38 - INFO - Response: {'controlNumber': '1132895457', 'requestedControlNumber': '1132895457', 'institutionCode': '9969', 'institutionSymbol': 'MIQ', 'firstTimeUse': False, 'success': True, 'message': 'Unset Holdings Succeeded.', 'action': 'Unset Holdings'}
24-Jun-25 11:38:39 - INFO - Response: {'controlNumber': '1132893762', 'requestedControlNumber': '1132893762', 'institutionCode': '9969', 'institutionSymbol': 'MIQ', 'firstTimeUse': False, 'success': True, 'message': 'Unset Holdings Succeeded.', 'action': 'Unset Holdings'}
24-Jun-25 11:38:40 - INFO - Response: {'controlNumber': '1132918919', 'requestedControlNumber': '1132918919', 'institutionCode': '9969', 'institutionSymbol': 'MIQ', 'firstTimeUse': False, 'success': True, 'message': 'Unset Holdings Succeeded.', 'action': 'Unset Holdings'}
24-Jun-25 11:38:41 - INFO - Response: {'controlNumber': '1132894209', 'requestedControlNumber': '1132894209', 'institutionCode': '9969', 'institutionSymbol': 'MIQ', 'firstTimeUse': False, 'success': True, 'message': 'Unset Holdings Succeeded.', 'action': 'Unset Holdings'}
24-Jun-25 11:38:42 - INFO - Response: {'controlNumber': '1132894743', 'requestedControlNumber': '1132894743', 'institutionCode': '9969', 'institutionSymbol': 'MIQ', 'firstTimeUse': False, 'success': True, 'message': 'Unset Holdings Succeeded.', 'action': 'Unset Holdings'}
24-Jun-25 11:38:43 - INFO - Response: {'controlNumber': '1132897966', 'requestedControlNumber': '1132897966', 'institutionCode': '9969', 'institutionSymbol': 'MIQ', 'firstTimeUse': False, 'success': True, 'message': 'Unset Holdings Succeeded.', 'action': 'Unset Holdings'}
24-Jun-25 11:38:44 - INFO - Response: {'controlNumber': '1132897823', 'requestedControlNumber': '1132897823', 'institutionCode': '9969', 'institutionSymbol': 'MIQ', 'firstTimeUse': False, 'success': True, 'message': 'Unset Holdings Succeeded.', 'action': 'Unset Holdings'}
24-Jun-25 11:38:45 - INFO - Response: {'controlNumber': '1132892637', 'requestedControlNumber': '1132892637', 'institutionCode': '9969', 'institutionSymbol': 'MIQ', 'firstTimeUse': False, 'success': True, 'message': 'Unset Holdings Succeeded.', 'action': 'Unset Holdings'}
24-Jun-25 11:38:46 - INFO - Response: {'controlNumber': '27235804', 'requestedControlNumber': '27235804', 'institutionCode': '9969', 'institutionSymbol': 'MIQ', 'firstTimeUse': False, 'success': True, 'message': 'Unset Holdings Succeeded.', 'action': 'Unset Holdings'}
24-Jun-25 11:38:47 - INFO - Response: {'controlNumber': '27706187', 'requestedControlNumber': '27706187', 'institutionCode': '9969', 'institutionSymbol': 'MIQ', 'firstTimeUse': False, 'success': True, 'message': 'Unset Holdings Succeeded.', 'action': 'Unset Holdings'}
24-Jun-25 11:38:48 - INFO - Response: {'controlNumber': '33064491', 'requestedControlNumber': '33064491', 'institutionCode': '9969', 'institutionSymbol': 'MIQ', 'firstTimeUse': False, 'success': True, 'message': 'Unset Holdings Succeeded.', 'action': 'Unset Holdings'}
24-Jun-25 11:38:50 - INFO - Response: {'controlNumber': '33087268', 'requestedControlNumber': '33087268', 'institutionCode': '9969', 'institutionSymbol': 'MIQ', 'firstTimeUse': False, 'success': True, 'message': 'Unset Holdings Succeeded.', 'action': 'Unset Holdings'}
24-Jun-25 11:38:51 - INFO - Response: {'controlNumber': '7596451', 'requestedControlNumber': '7596451', 'institutionCode': '9969', 'institutionSymbol': 'MIQ', 'firstTimeUse': False, 'success': True, 'message': 'Unset Holdings Succeeded.', 'action': 'Unset Holdings'}
24-Jun-25 11:38:52 - INFO - Response: {'controlNumber': '3732098', 'requestedControlNumber': '3732098', 'institutionCode': '9969', 'institutionSymbol': 'MIQ', 'firstTimeUse': False, 'success': True, 'message': 'Unset Holdings Succeeded.', 'action': 'Unset Holdings'}
24-Jun-25 11:38:53 - INFO - Response: {'controlNumber': '1043222041', 'requestedControlNumber': '1132895556', 'institutionCode': '9969', 'institutionSymbol': 'MIQ', 'firstTimeUse': False, 'success': True, 'message': 'Unset Holdings Succeeded.', 'action': 'Unset Holdings'}
24-Jun-25 11:38:54 - INFO - Response: {'controlNumber': '8669441', 'requestedControlNumber': '8669441', 'institutionCode': '9969', 'institutionSymbol': 'MIQ', 'firstTimeUse': False, 'success': True, 'message': 'Unset Holdings Succeeded.', 'action': 'Unset Holdings'}
24-Jun-25 11:38:55 - INFO - Response: {'controlNumber': '17296099', 'requestedControlNumber': '17296099', 'institutionCode': '9969', 'institutionSymbol': 'MIQ', 'firstTimeUse': False, 'success': True, 'message': 'Unset Holdings Succeeded.', 'action': 'Unset Holdings'}
24-Jun-25 11:38:56 - INFO - Response: {'controlNumber': '29218685', 'requestedControlNumber': '1132895959', 'institutionCode': '9969', 'institutionSymbol': 'MIQ', 'firstTimeUse': False, 'success': True, 'message': 'Unset Holdings Succeeded.', 'action': 'Unset Holdings'}
24-Jun-25 11:38:57 - INFO - Response: {'controlNumber': '64029951', 'requestedControlNumber': '64029951', 'institutionCode': '9969', 'institutionSymbol': 'MIQ', 'firstTimeUse': False, 'success': True, 'message': 'Unset Holdings Succeeded.', 'action': 'Unset Holdings'}
24-Jun-25 11:38:58 - INFO - Response: {'controlNumber': '917480', 'requestedControlNumber': '917480', 'institutionCode': '9969', 'institutionSymbol': 'MIQ', 'firstTimeUse': False, 'success': True, 'message': 'Unset Holdings Succeeded.', 'action': 'Unset Holdings'}
24-Jun-25 11:38:59 - INFO - Response: {'controlNumber': '31237419', 'requestedControlNumber': '31237419', 'institutionCode': '9969', 'institutionSymbol': 'MIQ', 'firstTimeUse': False, 'success': True, 'message': 'Unset Holdings Succeeded.', 'action': 'Unset Holdings'}
24-Jun-25 11:39:00 - INFO - Response: {'controlNumber': '1132902714', 'requestedControlNumber': '1132902714', 'institutionCode': '9969', 'institutionSymbol': 'MIQ', 'firstTimeUse': False, 'success': True, 'message': 'Unset Holdings Succeeded.', 'action': 'Unset Holdings'}
24-Jun-25 11:39:01 - INFO - Response: {'controlNumber': '19351939', 'requestedControlNumber': '19351939', 'institutionCode': '9969', 'institutionSymbol': 'MIQ', 'firstTimeUse': False, 'success': True, 'message': 'Unset Holdings Succeeded.', 'action': 'Unset Holdings'}
24-Jun-25 11:39:02 - INFO - Response: {'controlNumber': '38560016', 'requestedControlNumber': '1031828688', 'institutionCode': '9969', 'institutionSymbol': 'MIQ', 'firstTimeUse': False, 'success': True, 'message': 'Unset Holdings Succeeded.', 'action': 'Unset Holdings'}
24-Jun-25 11:39:03 - INFO - Response: {'controlNumber': '1132899410', 'requestedControlNumber': '1132899410', 'institutionCode': '9969', 'institutionSymbol': 'MIQ', 'firstTimeUse': False, 'success': True, 'message': 'Unset Holdings Succeeded.', 'action': 'Unset Holdings'}
24-Jun-25 11:39:05 - INFO - Response: {'controlNumber': '123698', 'requestedControlNumber': '123698', 'institutionCode': '9969', 'institutionSymbol': 'MIQ', 'firstTimeUse': False, 'success': True, 'message': 'Unset Holdings Succeeded.', 'action': 'Unset Holdings'}
24-Jun-25 11:39:06 - INFO - Response: {'controlNumber': '37691363', 'requestedControlNumber': '37691363', 'institutionCode': '9969', 'institutionSymbol': 'MIQ', 'firstTimeUse': False, 'success': True, 'message': 'Unset Holdings Succeeded.', 'action': 'Unset Holdings'}
24-Jun-25 11:39:07 - INFO - Response: {'controlNumber': '19821460', 'requestedControlNumber': '19821460', 'institutionCode': '9969', 'institutionSymbol': 'MIQ', 'firstTimeUse': False, 'success': True, 'message': 'Unset Holdings Succeeded.', 'action': 'Unset Holdings'}
24-Jun-25 11:39:08 - INFO - Response: {'controlNumber': '30085160', 'requestedControlNumber': '30085160', 'institutionCode': '9969', 'institutionSymbol': 'MIQ', 'firstTimeUse': False, 'success': True, 'message': 'Unset Holdings Succeeded.', 'action': 'Unset Holdings'}
24-Jun-25 11:39:09 - INFO - Response: {'controlNumber': '30752065', 'requestedControlNumber': '30752065', 'institutionCode': '9969', 'institutionSymbol': 'MIQ', 'firstTimeUse': False, 'success': True, 'message': 'Unset Holdings Succeeded.', 'action': 'Unset Holdings'}
24-Jun-25 11:39:10 - INFO - Response: {'controlNumber': '1132902818', 'requestedControlNumber': '1132902818', 'institutionCode': '9969', 'institutionSymbol': 'MIQ', 'firstTimeUse': False, 'success': True, 'message': 'Unset Holdings Succeeded.', 'action': 'Unset Holdings'}
24-Jun-25 11:39:11 - INFO - Response: {'controlNumber': '40246480', 'requestedControlNumber': '40246480', 'institutionCode': '9969', 'institutionSymbol': 'MIQ', 'firstTimeUse': False, 'success': True, 'message': 'Unset Holdings Succeeded.', 'action': 'Unset Holdings'}
24-Jun-25 11:39:12 - INFO - Response: {'controlNumber': '38567772', 'requestedControlNumber': '38567772', 'institutionCode': '9969', 'institutionSymbol': 'MIQ', 'firstTimeUse': False, 'success': True, 'message': 'Unset Holdings Succeeded.', 'action': 'Unset Holdings'}
24-Jun-25 11:39:13 - INFO - Response: {'controlNumber': '20089941', 'requestedControlNumber': '20089941', 'institutionCode': '9969', 'institutionSymbol': 'MIQ', 'firstTimeUse': False, 'success': True, 'message': 'Unset Holdings Succeeded.', 'action': 'Unset Holdings'}
24-Jun-25 11:39:14 - INFO - Response: {'controlNumber': '1012023474', 'requestedControlNumber': '1012023474', 'institutionCode': '9969', 'institutionSymbol': 'MIQ', 'firstTimeUse': False, 'success': True, 'message': 'Unset Holdings Succeeded.', 'action': 'Unset Holdings'}
24-Jun-25 11:39:15 - INFO - Response: {'controlNumber': '1132892996', 'requestedControlNumber': '1132892996', 'institutionCode': '9969', 'institutionSymbol': 'MIQ', 'firstTimeUse': False, 'success': True, 'message': 'Unset Holdings Succeeded.', 'action': 'Unset Holdings'}
24-Jun-25 11:39:16 - INFO - Response: {'controlNumber': '39677090', 'requestedControlNumber': '39677090', 'institutionCode': '9969', 'institutionSymbol': 'MIQ', 'firstTimeUse': False, 'success': True, 'message': 'Unset Holdings Succeeded.', 'action': 'Unset Holdings'}
24-Jun-25 11:39:17 - INFO - Response: {'controlNumber': '1052790829', 'requestedControlNumber': '1052790829', 'institutionCode': '9969', 'institutionSymbol': 'MIQ', 'firstTimeUse': False, 'success': True, 'message': 'Unset Holdings Succeeded.', 'action': 'Unset Holdings'}
24-Jun-25 11:39:18 - INFO - Response: {'controlNumber': '824628900', 'requestedControlNumber': '1132905661', 'institutionCode': '9969', 'institutionSymbol': 'MIQ', 'firstTimeUse': False, 'success': True, 'message': 'Unset Holdings Succeeded.', 'action': 'Unset Holdings'}
24-Jun-25 11:39:19 - INFO - Response: {'controlNumber': '1053000759', 'requestedControlNumber': '1053000759', 'institutionCode': '9969', 'institutionSymbol': 'MIQ', 'firstTimeUse': False, 'success': True, 'message': 'Unset Holdings Succeeded.', 'action': 'Unset Holdings'}
24-Jun-25 11:39:20 - INFO - Response: {'controlNumber': '43566663', 'requestedControlNumber': '43566663', 'institutionCode': '9969', 'institutionSymbol': 'MIQ', 'firstTimeUse': False, 'success': True, 'message': 'Unset Holdings Succeeded.', 'action': 'Unset Holdings'}
24-Jun-25 11:39:21 - INFO - Response: {'controlNumber': '82093244', 'requestedControlNumber': '82093244', 'institutionCode': '9969', 'institutionSymbol': 'MIQ', 'firstTimeUse': False, 'success': True, 'message': 'Unset Holdings Succeeded.', 'action': 'Unset Holdings'}
24-Jun-25 11:39:22 - INFO - Response: {'controlNumber': '27355824', 'requestedControlNumber': '27355824', 'institutionCode': '9969', 'institutionSymbol': 'MIQ', 'firstTimeUse': False, 'success': True, 'message': 'Unset Holdings Succeeded.', 'action': 'Unset Holdings'}
24-Jun-25 11:39:23 - INFO - Response: {'controlNumber': '28998281', 'requestedControlNumber': '28998281', 'institutionCode': '9969', 'institutionSymbol': 'MIQ', 'firstTimeUse': False, 'success': True, 'message': 'Unset Holdings Succeeded.', 'action': 'Unset Holdings'}
24-Jun-25 11:39:24 - INFO - Response: {'controlNumber': '38912213', 'requestedControlNumber': '1132901834', 'institutionCode': '9969', 'institutionSymbol': 'MIQ', 'firstTimeUse': False, 'success': True, 'message': 'Unset Holdings Succeeded.', 'action': 'Unset Holdings'}
24-Jun-25 11:39:25 - INFO - Response: {'controlNumber': '40953398', 'requestedControlNumber': '40953398', 'institutionCode': '9969', 'institutionSymbol': 'MIQ', 'firstTimeUse': False, 'success': True, 'message': 'Unset Holdings Succeeded.', 'action': 'Unset Holdings'}
24-Jun-25 11:39:26 - INFO - Response: {'controlNumber': '19121804', 'requestedControlNumber': '19121804', 'institutionCode': '9969', 'institutionSymbol': 'MIQ', 'firstTimeUse': False, 'success': True, 'message': 'Unset Holdings Succeeded.', 'action': 'Unset Holdings'}
24-Jun-25 11:39:27 - INFO - Response: {'controlNumber': '84013621', 'requestedControlNumber': '84013621', 'institutionCode': '9969', 'institutionSymbol': 'MIQ', 'firstTimeUse': False, 'success': True, 'message': 'Unset Holdings Succeeded.', 'action': 'Unset Holdings'}
24-Jun-25 11:39:28 - INFO - Response: {'controlNumber': '31771726', 'requestedControlNumber': '31771726', 'institutionCode': '9969', 'institutionSymbol': 'MIQ', 'firstTimeUse': False, 'success': True, 'message': 'Unset Holdings Succeeded.', 'action': 'Unset Holdings'}
24-Jun-25 11:39:29 - INFO - Response: {'controlNumber': '36103193', 'requestedControlNumber': '36103193', 'institutionCode': '9969', 'institutionSymbol': 'MIQ', 'firstTimeUse': False, 'success': True, 'message': 'Unset Holdings Succeeded.', 'action': 'Unset Holdings'}
24-Jun-25 11:39:30 - INFO - Response: {'controlNumber': '15565295', 'requestedControlNumber': '15565295', 'institutionCode': '9969', 'institutionSymbol': 'MIQ', 'firstTimeUse': False, 'success': True, 'message': 'Unset Holdings Succeeded.', 'action': 'Unset Holdings'}
24-Jun-25 11:39:31 - INFO - Response: {'controlNumber': '29493336', 'requestedControlNumber': '29493336', 'institutionCode': '9969', 'institutionSymbol': 'MIQ', 'firstTimeUse': False, 'success': True, 'message': 'Unset Holdings Succeeded.', 'action': 'Unset Holdings'}
24-Jun-25 11:39:32 - INFO - Response: {'controlNumber': '26286551', 'requestedControlNumber': '26286551', 'institutionCode': '9969', 'institutionSymbol': 'MIQ', 'firstTimeUse': False, 'success': True, 'message': 'Unset Holdings Succeeded.', 'action': 'Unset Holdings'}
24-Jun-25 11:39:33 - INFO - Response: {'controlNumber': '39247850', 'requestedControlNumber': '39247850', 'institutionCode': '9969', 'institutionSymbol': 'MIQ', 'firstTimeUse': False, 'success': True, 'message': 'Unset Holdings Succeeded.', 'action': 'Unset Holdings'}
24-Jun-25 11:39:34 - INFO - Response: {'controlNumber': '32140199', 'requestedControlNumber': '32140199', 'institutionCode': '9969', 'institutionSymbol': 'MIQ', 'firstTimeUse': False, 'success': True, 'message': 'Unset Holdings Succeeded.', 'action': 'Unset Holdings'}
24-Jun-25 11:39:35 - INFO - Response: {'controlNumber': '1132899225', 'requestedControlNumber': '1132899225', 'institutionCode': '9969', 'institutionSymbol': 'MIQ', 'firstTimeUse': False, 'success': True, 'message': 'Unset Holdings Succeeded.', 'action': 'Unset Holdings'}
24-Jun-25 11:39:36 - INFO - Response: {'controlNumber': '34417871', 'requestedControlNumber': '34417871', 'institutionCode': '9969', 'institutionSymbol': 'MIQ', 'firstTimeUse': False, 'success': True, 'message': 'Unset Holdings Succeeded.', 'action': 'Unset Holdings'}
24-Jun-25 11:39:37 - INFO - Response: {'controlNumber': '1132898642', 'requestedControlNumber': '1132898642', 'institutionCode': '9969', 'institutionSymbol': 'MIQ', 'firstTimeUse': False, 'success': True, 'message': 'Unset Holdings Succeeded.', 'action': 'Unset Holdings'}
24-Jun-25 11:39:38 - INFO - Response: {'controlNumber': '2532452', 'requestedControlNumber': '2532452', 'institutionCode': '9969', 'institutionSymbol': 'MIQ', 'firstTimeUse': False, 'success': True, 'message': 'Unset Holdings Succeeded.', 'action': 'Unset Holdings'}
24-Jun-25 11:39:39 - INFO - Response: {'controlNumber': '44072402', 'requestedControlNumber': '44072402', 'institutionCode': '9969', 'institutionSymbol': 'MIQ', 'firstTimeUse': False, 'success': True, 'message': 'Unset Holdings Succeeded.', 'action': 'Unset Holdings'}
24-Jun-25 11:39:40 - INFO - Response: {'controlNumber': '41604667', 'requestedControlNumber': '41604667', 'institutionCode': '9969', 'institutionSymbol': 'MIQ', 'firstTimeUse': False, 'success': True, 'message': 'Unset Holdings Succeeded.', 'action': 'Unset Holdings'}
24-Jun-25 11:39:41 - INFO - Response: {'controlNumber': '16082417', 'requestedControlNumber': '1132906124', 'institutionCode': '9969', 'institutionSymbol': 'MIQ', 'firstTimeUse': False, 'success': True, 'message': 'Unset Holdings Succeeded.', 'action': 'Unset Holdings'}
24-Jun-25 11:39:42 - INFO - Response: {'controlNumber': '36427244', 'requestedControlNumber': '36427244', 'institutionCode': '9969', 'institutionSymbol': 'MIQ', 'firstTimeUse': False, 'success': True, 'message': 'Unset Holdings Succeeded.', 'action': 'Unset Holdings'}
24-Jun-25 11:39:43 - INFO - Response: {'controlNumber': '20475597', 'requestedControlNumber': '20475597', 'institutionCode': '9969', 'institutionSymbol': 'MIQ', 'firstTimeUse': False, 'success': True, 'message': 'Unset Holdings Succeeded.', 'action': 'Unset Holdings'}
24-Jun-25 11:39:44 - INFO - Response: {'controlNumber': '37807207', 'requestedControlNumber': '37807207', 'institutionCode': '9969', 'institutionSymbol': 'MIQ', 'firstTimeUse': False, 'success': True, 'message': 'Unset Holdings Succeeded.', 'action': 'Unset Holdings'}
24-Jun-25 11:39:45 - INFO - Response: {'controlNumber': '28100118', 'requestedControlNumber': '28100118', 'institutionCode': '9969', 'institutionSymbol': 'MIQ', 'firstTimeUse': False, 'success': True, 'message': 'Unset Holdings Succeeded.', 'action': 'Unset Holdings'}
24-Jun-25 11:39:46 - INFO - Response: {'controlNumber': '650674438', 'requestedControlNumber': '650674438', 'institutionCode': '9969', 'institutionSymbol': 'MIQ', 'firstTimeUse': False, 'success': True, 'message': 'Unset Holdings Succeeded.', 'action': 'Unset Holdings'}
24-Jun-25 11:39:47 - INFO - Response: {'controlNumber': '174125236', 'requestedControlNumber': '174125236', 'institutionCode': '9969', 'institutionSymbol': 'MIQ', 'firstTimeUse': False, 'success': True, 'message': 'Unset Holdings Succeeded.', 'action': 'Unset Holdings'}
24-Jun-25 11:39:48 - INFO - Response: {'controlNumber': '174125243', 'requestedControlNumber': '174125243', 'institutionCode': '9969', 'institutionSymbol': 'MIQ', 'firstTimeUse': False, 'success': True, 'message': 'Unset Holdings Succeeded.', 'action': 'Unset Holdings'}
24-Jun-25 11:39:49 - INFO - Response: {'controlNumber': '650674418', 'requestedControlNumber': '650674418', 'institutionCode': '9969', 'institutionSymbol': 'MIQ', 'firstTimeUse': False, 'success': True, 'message': 'Unset Holdings Succeeded.', 'action': 'Unset Holdings'}
24-Jun-25 11:39:50 - INFO - Response: {'controlNumber': '650674414', 'requestedControlNumber': '650674414', 'institutionCode': '9969', 'institutionSymbol': 'MIQ', 'firstTimeUse': False, 'success': True, 'message': 'Unset Holdings Succeeded.', 'action': 'Unset Holdings'}
24-Jun-25 11:39:51 - INFO - Response: {'controlNumber': '650674412', 'requestedControlNumber': '650674412', 'institutionCode': '9969', 'institutionSymbol': 'MIQ', 'firstTimeUse': False, 'success': True, 'message': 'Unset Holdings Succeeded.', 'action': 'Unset Holdings'}
24-Jun-25 11:39:52 - INFO - Response: {'controlNumber': '650674409', 'requestedControlNumber': '650674409', 'institutionCode': '9969', 'institutionSymbol': 'MIQ', 'firstTimeUse': False, 'success': True, 'message': 'Unset Holdings Succeeded.', 'action': 'Unset Holdings'}
24-Jun-25 11:39:53 - INFO - Response: {'controlNumber': '174125235', 'requestedControlNumber': '174125235', 'institutionCode': '9969', 'institutionSymbol': 'MIQ', 'firstTimeUse': False, 'success': True, 'message': 'Unset Holdings Succeeded.', 'action': 'Unset Holdings'}
24-Jun-25 11:39:54 - INFO - Response: {'controlNumber': '24328746', 'requestedControlNumber': '24328746', 'institutionCode': '9969', 'institutionSymbol': 'MIQ', 'firstTimeUse': False, 'success': True, 'message': 'Unset Holdings Succeeded.', 'action': 'Unset Holdings'}
24-Jun-25 11:39:55 - INFO - Response: {'controlNumber': '174125234', 'requestedControlNumber': '174125234', 'institutionCode': '9969', 'institutionSymbol': 'MIQ', 'firstTimeUse': False, 'success': True, 'message': 'Unset Holdings Succeeded.', 'action': 'Unset Holdings'}
24-Jun-25 11:39:56 - INFO - Response: {'controlNumber': '650674407', 'requestedControlNumber': '650674407', 'institutionCode': '9969', 'institutionSymbol': 'MIQ', 'firstTimeUse': False, 'success': True, 'message': 'Unset Holdings Succeeded.', 'action': 'Unset Holdings'}
30-Jul-25 16:00:39 - INFO - ++++++++++++++++++++++++++++++++++++++++++++++++++++++++++++++++++++++
30-Jul-25 16:00:39 - INFO - START OF UNSET LOG FOR 2025-07-30 16:00:39.290323
30-Jul-25 16:00:39 - INFO - ++++++++++++++++++++++++++++++++++++++++++++++++++++++++++++++++++++++
30-Jul-25 16:00:41 - INFO - Response: {'controlNumber': '8912411', 'requestedControlNumber': '8912411', 'institutionCode': '9969', 'institutionSymbol': 'MIQ', 'firstTimeUse': False, 'success': True, 'message': 'Unset Holdings Succeeded.', 'action': 'Unset Holdings'}
30-Jul-25 16:00:42 - INFO - Response: {'controlNumber': '1132921256', 'requestedControlNumber': '1132921256', 'institutionCode': '9969', 'institutionSymbol': 'MIQ', 'firstTimeUse': False, 'success': True, 'message': 'Unset Holdings Succeeded.', 'action': 'Unset Holdings'}
